2024-11-30 14:33:24.615 [restartedMain] WARN  org.hibernate.orm.deprecation - HHH90000025: SQLServerDialect does not need to be specified explicitly using 'hibernate.dialect' (remove the property setting and it will be selected by default)
2024-11-30 14:33:26.121 [restartedMain] WARN  o.s.b.a.o.j.JpaBaseConfiguration$JpaWebConfiguration - spring.jpa.open-in-view is enabled by default. Therefore, database queries may be performed during view rendering. Explicitly configure spring.jpa.open-in-view to disable this warning
2024-11-30 14:33:26.609 [restartedMain] WARN  o.s.s.c.a.a.c.InitializeUserDetailsBeanManagerConfigurer$InitializeUserDetailsManagerConfigurer - Global AuthenticationManager configured with an AuthenticationProvider bean. UserDetailsService beans will not be used for username/password login. Consider removing the AuthenticationProvider bean. Alternatively, consider using the UserDetailsService in a manually instantiated DaoAuthenticationProvider.
2024-11-30 14:33:27.010 [restartedMain] WARN  o.s.s.c.a.web.builders.WebSecurity - 

********************************************************************
**********        Security debugging is enabled.       *************
**********    This may include sensitive information.  *************
**********      Do not use in a production system!     *************
********************************************************************


2024-11-30 14:41:01.000 [http-nio-8080-exec-6] WARN  o.s.w.s.m.s.DefaultHandlerExceptionResolver - Resolved [org.springframework.web.bind.MethodArgumentNotValidException: Validation failed for argument [0] in public org.springframework.http.ResponseEntity<com.example.Fashion_Shop.response.user.LoginResponse> com.example.Fashion_Shop.controller.UserController.login(com.example.Fashion_Shop.dto.UserLoginDTO,jakarta.servlet.http.HttpServletRequest): [Field error in object 'userLoginDTO' on field 'email': rejected value []; codes [NotBlank.userLoginDTO.email,NotBlank.email,NotBlank.java.lang.String,NotBlank]; arguments [org.springframework.context.support.DefaultMessageSourceResolvable: codes [userLoginDTO.email,email]; arguments []; default message [email]]; default message [Vui lòng nhập email.]] ]
2024-11-30 14:42:35.319 [http-nio-8080-exec-9] WARN  o.s.w.s.m.s.DefaultHandlerExceptionResolver - Resolved [org.springframework.web.bind.MethodArgumentNotValidException: Validation failed for argument [0] in public org.springframework.http.ResponseEntity<com.example.Fashion_Shop.response.user.LoginResponse> com.example.Fashion_Shop.controller.UserController.login(com.example.Fashion_Shop.dto.UserLoginDTO,jakarta.servlet.http.HttpServletRequest): [Field error in object 'userLoginDTO' on field 'email': rejected value []; codes [NotBlank.userLoginDTO.email,NotBlank.email,NotBlank.java.lang.String,NotBlank]; arguments [org.springframework.context.support.DefaultMessageSourceResolvable: codes [userLoginDTO.email,email]; arguments []; default message [email]]; default message [Vui lòng nhập email.]] ]
2024-11-30 14:45:05.660 [restartedMain] WARN  org.hibernate.orm.deprecation - HHH90000025: SQLServerDialect does not need to be specified explicitly using 'hibernate.dialect' (remove the property setting and it will be selected by default)
2024-11-30 14:45:07.142 [restartedMain] WARN  o.s.b.a.o.j.JpaBaseConfiguration$JpaWebConfiguration - spring.jpa.open-in-view is enabled by default. Therefore, database queries may be performed during view rendering. Explicitly configure spring.jpa.open-in-view to disable this warning
2024-11-30 14:45:07.614 [restartedMain] WARN  o.s.s.c.a.a.c.InitializeUserDetailsBeanManagerConfigurer$InitializeUserDetailsManagerConfigurer - Global AuthenticationManager configured with an AuthenticationProvider bean. UserDetailsService beans will not be used for username/password login. Consider removing the AuthenticationProvider bean. Alternatively, consider using the UserDetailsService in a manually instantiated DaoAuthenticationProvider.
2024-11-30 14:45:07.994 [restartedMain] WARN  o.s.s.c.a.web.builders.WebSecurity - 

********************************************************************
**********        Security debugging is enabled.       *************
**********    This may include sensitive information.  *************
**********      Do not use in a production system!     *************
********************************************************************


2024-11-30 14:49:11.963 [main] WARN  c.e.Fashion_Shop.util.LoggingExample - This is a WARN message
2024-11-30 14:54:01.301 [restartedMain] WARN  org.hibernate.orm.deprecation - HHH90000025: SQLServerDialect does not need to be specified explicitly using 'hibernate.dialect' (remove the property setting and it will be selected by default)
2024-11-30 14:54:02.993 [restartedMain] WARN  o.s.b.a.o.j.JpaBaseConfiguration$JpaWebConfiguration - spring.jpa.open-in-view is enabled by default. Therefore, database queries may be performed during view rendering. Explicitly configure spring.jpa.open-in-view to disable this warning
2024-11-30 14:54:03.418 [restartedMain] WARN  o.s.b.w.s.c.AnnotationConfigServletWebServerApplicationContext - Exception encountered during context initialization - cancelling refresh attempt: org.springframework.beans.factory.UnsatisfiedDependencyException: Error creating bean with name 'categoryController' defined in file [D:\FPT Polytechnic\Ki5\Java6\Fashion-Shop-BE\Fashion-Shop\target\classes\com\example\Fashion_Shop\controller\CategoryController.class]: Unsatisfied dependency expressed through constructor parameter 0: Error creating bean with name 'categoryService' defined in file [D:\FPT Polytechnic\Ki5\Java6\Fashion-Shop-BE\Fashion-Shop\target\classes\com\example\Fashion_Shop\service\category\CategoryService.class]: null
2024-11-30 14:59:09.697 [restartedMain] WARN  org.hibernate.orm.deprecation - HHH90000025: SQLServerDialect does not need to be specified explicitly using 'hibernate.dialect' (remove the property setting and it will be selected by default)
2024-11-30 14:59:11.137 [restartedMain] WARN  o.s.b.w.s.c.AnnotationConfigServletWebServerApplicationContext - Exception encountered during context initialization - cancelling refresh attempt: org.springframework.beans.factory.BeanCreationException: Error creating bean with name 'globalExceptionHandler' defined in file [D:\FPT Polytechnic\Ki5\Java6\Fashion-Shop-BE\Fashion-Shop\target\classes\com\example\Fashion_Shop\component\GlobalExceptionHandler.class]: null
2024-11-30 15:01:56.764 [restartedMain] WARN  org.hibernate.orm.deprecation - HHH90000025: SQLServerDialect does not need to be specified explicitly using 'hibernate.dialect' (remove the property setting and it will be selected by default)
2024-11-30 15:01:58.268 [restartedMain] WARN  o.s.b.a.o.j.JpaBaseConfiguration$JpaWebConfiguration - spring.jpa.open-in-view is enabled by default. Therefore, database queries may be performed during view rendering. Explicitly configure spring.jpa.open-in-view to disable this warning
2024-11-30 15:01:58.769 [restartedMain] WARN  o.s.s.c.a.a.c.InitializeUserDetailsBeanManagerConfigurer$InitializeUserDetailsManagerConfigurer - Global AuthenticationManager configured with an AuthenticationProvider bean. UserDetailsService beans will not be used for username/password login. Consider removing the AuthenticationProvider bean. Alternatively, consider using the UserDetailsService in a manually instantiated DaoAuthenticationProvider.
2024-11-30 15:01:59.157 [restartedMain] WARN  o.s.s.c.a.web.builders.WebSecurity - 

********************************************************************
**********        Security debugging is enabled.       *************
**********    This may include sensitive information.  *************
**********      Do not use in a production system!     *************
********************************************************************


2024-11-30 15:02:15.174 [http-nio-8080-exec-1] WARN  c.e.F.c.GlobalExceptionHandler - Handled DataNotFoundException: Category not found with Id: 1231231231
2024-11-30 15:08:14.890 [restartedMain] WARN  org.hibernate.orm.deprecation - HHH90000025: SQLServerDialect does not need to be specified explicitly using 'hibernate.dialect' (remove the property setting and it will be selected by default)
2024-11-30 15:08:16.374 [restartedMain] WARN  o.s.b.a.o.j.JpaBaseConfiguration$JpaWebConfiguration - spring.jpa.open-in-view is enabled by default. Therefore, database queries may be performed during view rendering. Explicitly configure spring.jpa.open-in-view to disable this warning
2024-11-30 15:08:16.871 [restartedMain] WARN  o.s.s.c.a.a.c.InitializeUserDetailsBeanManagerConfigurer$InitializeUserDetailsManagerConfigurer - Global AuthenticationManager configured with an AuthenticationProvider bean. UserDetailsService beans will not be used for username/password login. Consider removing the AuthenticationProvider bean. Alternatively, consider using the UserDetailsService in a manually instantiated DaoAuthenticationProvider.
2024-11-30 15:08:17.267 [restartedMain] WARN  o.s.s.c.a.web.builders.WebSecurity - 

********************************************************************
**********        Security debugging is enabled.       *************
**********    This may include sensitive information.  *************
**********      Do not use in a production system!     *************
********************************************************************


2024-11-30 15:08:29.320 [http-nio-8080-exec-2] WARN  c.e.F.c.GlobalExceptionHandler - Handled DataNotFoundException: Category not found with Id: 1231231231
2024-11-30 15:08:29.320 [http-nio-8080-exec-2] WARN  c.e.F.c.GlobalExceptionHandler - 
--- Request Details ---
Servlet Path: /api/v1/category
Path Info: null
Headers:
accept-language: en
content-type: application/json
authorization: Bearer eyJhbGciOiJIUzI1NiJ9.eyJlbWFpbCI6ImFkbWluQGFkbWluLmNvbSIsInN1YiI6ImFkbWluQGFkbWluLmNvbSIsImV4cCI6MTczNTIwMjA0OX0.0-SfthAGNFjTyNuX8dVTik2gmS3XaP2d-NwEIYq6Fqw
user-agent: PostmanRuntime/7.43.0
accept: */*
cache-control: no-cache
postman-token: 31057a98-a4e3-41f1-be2a-646a82ba4b62
host: localhost:8080
accept-encoding: gzip, deflate, br
connection: keep-alive
content-length: 53

